Determining if the pthread_create exist failed with the following output:
Change Dir: /home/jialin/Documents/VSC_Projects/readPLY/build/CMakeFiles/CMakeTmp

Run Build Command:"/usr/bin/make" "cmTC_26771/fast"
/usr/bin/make -f CMakeFiles/cmTC_26771.dir/build.make CMakeFiles/cmTC_26771.dir/build
make[1]: Entering directory '/home/jialin/Documents/VSC_Projects/readPLY/build/CMakeFiles/CMakeTmp'
Building C object CMakeFiles/cmTC_26771.dir/CheckSymbolExists.c.o
/usr/bin/cc    -o CMakeFiles/cmTC_26771.dir/CheckSymbolExists.c.o   -c /home/jialin/Documents/VSC_Projects/readPLY/build/CMakeFiles/CMakeTmp/CheckSymbolExists.c
Linking C executable cmTC_26771
/usr/bin/cmake -E cmake_link_script CMakeFiles/cmTC_26771.dir/link.txt --verbose=1
/usr/bin/cc      -rdynamic CMakeFiles/cmTC_26771.dir/CheckSymbolExists.c.o  -o cmTC_26771 
CMakeFiles/cmTC_26771.dir/CheckSymbolExists.c.o: In function `main':
CheckSymbolExists.c:(.text+0x1b): undefined reference to `pthread_create'
collect2: error: ld returned 1 exit status
CMakeFiles/cmTC_26771.dir/build.make:97: recipe for target 'cmTC_26771' failed
make[1]: *** [cmTC_26771] Error 1
make[1]: Leaving directory '/home/jialin/Documents/VSC_Projects/readPLY/build/CMakeFiles/CMakeTmp'
Makefile:126: recipe for target 'cmTC_26771/fast' failed
make: *** [cmTC_26771/fast] Error 2

File /home/jialin/Documents/VSC_Projects/readPLY/build/CMakeFiles/CMakeTmp/CheckSymbolExists.c:
/* */
#include <pthread.h>

int main(int argc, char** argv)
{
  (void)argv;
#ifndef pthread_create
  return ((int*)(&pthread_create))[argc];
#else
  (void)argc;
  return 0;
#endif
}

Determining if the function pthread_create exists in the pthreads failed with the following output:
Change Dir: /home/jialin/Documents/VSC_Projects/readPLY/build/CMakeFiles/CMakeTmp

Run Build Command:"/usr/bin/make" "cmTC_e4658/fast"
/usr/bin/make -f CMakeFiles/cmTC_e4658.dir/build.make CMakeFiles/cmTC_e4658.dir/build
make[1]: Entering directory '/home/jialin/Documents/VSC_Projects/readPLY/build/CMakeFiles/CMakeTmp'
Building C object CMakeFiles/cmTC_e4658.dir/CheckFunctionExists.c.o
/usr/bin/cc   -DCHECK_FUNCTION_EXISTS=pthread_create   -o CMakeFiles/cmTC_e4658.dir/CheckFunctionExists.c.o   -c /usr/share/cmake-3.10/Modules/CheckFunctionExists.c
Linking C executable cmTC_e4658
/usr/bin/cmake -E cmake_link_script CMakeFiles/cmTC_e4658.dir/link.txt --verbose=1
/usr/bin/cc  -DCHECK_FUNCTION_EXISTS=pthread_create    -rdynamic CMakeFiles/cmTC_e4658.dir/CheckFunctionExists.c.o  -o cmTC_e4658 -lpthreads 
/usr/bin/ld: cannot find -lpthreads
collect2: error: ld returned 1 exit status
CMakeFiles/cmTC_e4658.dir/build.make:97: recipe for target 'cmTC_e4658' failed
make[1]: *** [cmTC_e4658] Error 1
make[1]: Leaving directory '/home/jialin/Documents/VSC_Projects/readPLY/build/CMakeFiles/CMakeTmp'
Makefile:126: recipe for target 'cmTC_e4658/fast' failed
make: *** [cmTC_e4658/fast] Error 2


